01-04-2022 21:41:38 | INFO | [INIT] Server running on local_ip, hostname = ('192.168.1.155', 'Gal-PC')
01-04-2022 21:41:56 | INFO | Sent public/index.html to ('127.0.0.1', 53045)
01-04-2022 21:41:56 | INFO | Sent public//src/styles/main.css to ('127.0.0.1', 53045)
01-04-2022 21:41:56 | INFO | Sent public//node_modules/pressure/dist/jquery.pressure.js to ('127.0.0.1', 53046)
01-04-2022 21:41:56 | INFO | Sent public//src/Scripts/index.js to ('127.0.0.1', 53045)
01-04-2022 21:42:03 | INFO | Sent public//login.html to ('127.0.0.1', 53045)
01-04-2022 21:42:03 | INFO | Sent public//src/Scripts/login.js to ('127.0.0.1', 53045)
01-04-2022 21:42:03 | INFO | Sent public//src/Styles/main.css to ('127.0.0.1', 53046)
01-04-2022 21:42:08 | ERROR | 'Packet' object has no attribute 'file'
01-04-2022 21:42:56 | INFO | [INIT] Server running on local_ip, hostname = ('192.168.1.155', 'Gal-PC')
01-04-2022 21:43:05 | INFO | Sent public//login.html to ('127.0.0.1', 56066)
01-04-2022 21:43:05 | INFO | Sent public//src/Scripts/login.js to ('127.0.0.1', 56066)
01-04-2022 21:43:05 | INFO | Sent public//src/Styles/main.css to ('127.0.0.1', 56066)
01-04-2022 21:43:06 | INFO | Sent public//src/Images/favicon.ico to ('127.0.0.1', 56066)
01-04-2022 21:44:13 | INFO | [INIT] Server running on local_ip, hostname = ('192.168.1.155', 'Gal-PC')
01-04-2022 21:44:17 | INFO | Sent public//login.html to ('127.0.0.1', 56169)
01-04-2022 21:44:17 | INFO | Sent public//src/Scripts/login.js to ('127.0.0.1', 56169)
01-04-2022 21:44:17 | INFO | Sent public//src/Styles/main.css to ('127.0.0.1', 56170)
01-04-2022 21:44:17 | INFO | Sent public//src/Images/favicon.ico to ('127.0.0.1', 56170)
01-04-2022 21:47:15 | INFO | [INIT] Server running on local_ip, hostname = ('192.168.1.155', 'Gal-PC')
01-04-2022 21:47:20 | INFO | Sent public//login.html to ('127.0.0.1', 65165)
01-04-2022 21:47:20 | INFO | Sent public//src/Styles/main.css to ('127.0.0.1', 65166)
01-04-2022 21:47:20 | INFO | Sent public//src/Scripts/login.js to ('127.0.0.1', 65165)
01-04-2022 21:47:21 | INFO | Sent public//src/Images/favicon.ico to ('127.0.0.1', 65165)
01-04-2022 21:47:30 | ERROR | Logger._log() got an unexpected keyword argument 'end'
01-04-2022 21:48:08 | INFO | [INIT] Server running on local_ip, hostname = ('192.168.1.155', 'Gal-PC')
01-04-2022 21:48:08 | DEBUG | =================================


01-04-2022 21:48:08 | DEBUG | ['POST /Login%20Attempt',
 {'Accept': '*/*',
  'Accept-Encoding': 'gzip, deflate, br',
  'Accept-Language': 'en-US,en;q=0.9,he;q=0.8',
  'Connection': 'keep-alive',
  'Content-Length': '32',
  'Content-Type': 'application/x-www-form-urlencoded; charset=UTF-8',
  'Origin': 'http://localhost',
  'Referer': 'http://localhost/login.html',
  'Sec-Fetch-Dest': 'empty',
  'Sec-Fetch-Mode': 'cors',
  'Sec-Fetch-Site': 'same-origin',
  'User-Agent': 'Mozilla/5.0 (Windows NT 10.0; Win64; x64) AppleWebKit/537.36 '
                '(KHTML, like Gecko) Chrome/96.0.4664.110 Safari/537.36',
  'X-Requested-With': 'XMLHttpRequest',
  'sec-ch-ua': '" Not A;Brand";v="99", "Chromium";v="96", "Google '
               'Chrome";v="96"',
  'sec-ch-ua-mobile': '?0',
  'sec-ch-ua-platform': '"Windows"'},
 ['"Username": "T"\n"Password" = "t"']]
01-04-2022 21:48:08 | DEBUG | 

=================================
01-04-2022 21:48:08 | INFO | Sent public//login.html to ('127.0.0.1', 65186)
01-04-2022 21:48:08 | INFO | Sent public//src/Scripts/login.js to ('127.0.0.1', 65186)
01-04-2022 21:48:08 | INFO | Sent public//src/Styles/main.css to ('127.0.0.1', 65186)
01-04-2022 21:48:09 | INFO | Sent public//src/Images/favicon.ico to ('127.0.0.1', 65192)
01-04-2022 21:48:11 | DEBUG | =================================


01-04-2022 21:48:11 | DEBUG | ['POST /Login%20Attempt',
 {'Accept': '*/*',
  'Accept-Encoding': 'gzip, deflate, br',
  'Accept-Language': 'en-US,en;q=0.9,he;q=0.8',
  'Connection': 'keep-alive',
  'Content-Length': '32',
  'Content-Type': 'application/x-www-form-urlencoded; charset=UTF-8',
  'Origin': 'http://localhost',
  'Referer': 'http://localhost/login.html',
  'Sec-Fetch-Dest': 'empty',
  'Sec-Fetch-Mode': 'cors',
  'Sec-Fetch-Site': 'same-origin',
  'User-Agent': 'Mozilla/5.0 (Windows NT 10.0; Win64; x64) AppleWebKit/537.36 '
                '(KHTML, like Gecko) Chrome/96.0.4664.110 Safari/537.36',
  'X-Requested-With': 'XMLHttpRequest',
  'sec-ch-ua': '" Not A;Brand";v="99", "Chromium";v="96", "Google '
               'Chrome";v="96"',
  'sec-ch-ua-mobile': '?0',
  'sec-ch-ua-platform': '"Windows"'},
 ['"Username": "t"\n"Password" = "t"']]
01-04-2022 21:48:11 | DEBUG | 

=================================
01-04-2022 21:48:32 | INFO | [INIT] Server running on local_ip, hostname = ('192.168.1.155', 'Gal-PC')
01-04-2022 21:48:32 | DEBUG | 
=================================


01-04-2022 21:48:32 | DEBUG | ['POST /Login%20Attempt',
 {'Accept': '*/*',
  'Accept-Encoding': 'gzip, deflate, br',
  'Accept-Language': 'en-US,en;q=0.9,he;q=0.8',
  'Connection': 'keep-alive',
  'Content-Length': '32',
  'Content-Type': 'application/x-www-form-urlencoded; charset=UTF-8',
  'Origin': 'http://localhost',
  'Referer': 'http://localhost/login.html',
  'Sec-Fetch-Dest': 'empty',
  'Sec-Fetch-Mode': 'cors',
  'Sec-Fetch-Site': 'same-origin',
  'User-Agent': 'Mozilla/5.0 (Windows NT 10.0; Win64; x64) AppleWebKit/537.36 '
                '(KHTML, like Gecko) Chrome/96.0.4664.110 Safari/537.36',
  'X-Requested-With': 'XMLHttpRequest',
  'sec-ch-ua': '" Not A;Brand";v="99", "Chromium";v="96", "Google '
               'Chrome";v="96"',
  'sec-ch-ua-mobile': '?0',
  'sec-ch-ua-platform': '"Windows"'},
 ['"Username": "t"\n"Password" = "t"']]
01-04-2022 21:48:32 | DEBUG | 

=================================
01-04-2022 21:48:55 | INFO | [INIT] Server running on local_ip, hostname = ('192.168.1.155', 'Gal-PC')
01-04-2022 21:49:20 | DEBUG | 
=================================


01-04-2022 21:49:20 | DEBUG | ['POST /Login%20Attempt',
 {'Accept': '*/*',
  'Accept-Encoding': 'gzip, deflate, br',
  'Accept-Language': 'en-US,en;q=0.9,he;q=0.8',
  'Connection': 'keep-alive',
  'Content-Length': '32',
  'Content-Type': 'application/x-www-form-urlencoded; charset=UTF-8',
  'Origin': 'http://localhost',
  'Referer': 'http://localhost/login.html',
  'Sec-Fetch-Dest': 'empty',
  'Sec-Fetch-Mode': 'cors',
  'Sec-Fetch-Site': 'same-origin',
  'User-Agent': 'Mozilla/5.0 (Windows NT 10.0; Win64; x64) AppleWebKit/537.36 '
                '(KHTML, like Gecko) Chrome/96.0.4664.110 Safari/537.36',
  'X-Requested-With': 'XMLHttpRequest',
  'sec-ch-ua': '" Not A;Brand";v="99", "Chromium";v="96", "Google '
               'Chrome";v="96"',
  'sec-ch-ua-mobile': '?0',
  'sec-ch-ua-platform': '"Windows"'},
 ['"Username": "t"\n"Password" = "t"']]
01-04-2022 21:49:20 | DEBUG | 

=================================
01-04-2022 21:49:21 | INFO | Sent public//login.html to ('127.0.0.1', 55507)
01-04-2022 21:49:21 | INFO | Sent public//src/Scripts/login.js to ('127.0.0.1', 55507)
01-04-2022 21:49:21 | INFO | Sent public//src/Styles/main.css to ('127.0.0.1', 55507)
01-04-2022 21:49:21 | INFO | Sent public//src/Images/favicon.ico to ('127.0.0.1', 55507)
01-04-2022 21:49:24 | DEBUG | 
=================================


01-04-2022 21:49:24 | DEBUG | ['POST /Login%20Attempt',
 {'Accept': '*/*',
  'Accept-Encoding': 'gzip, deflate, br',
  'Accept-Language': 'en-US,en;q=0.9,he;q=0.8',
  'Connection': 'keep-alive',
  'Content-Length': '32',
  'Content-Type': 'application/x-www-form-urlencoded; charset=UTF-8',
  'Origin': 'http://localhost',
  'Referer': 'http://localhost/login.html',
  'Sec-Fetch-Dest': 'empty',
  'Sec-Fetch-Mode': 'cors',
  'Sec-Fetch-Site': 'same-origin',
  'User-Agent': 'Mozilla/5.0 (Windows NT 10.0; Win64; x64) AppleWebKit/537.36 '
                '(KHTML, like Gecko) Chrome/96.0.4664.110 Safari/537.36',
  'X-Requested-With': 'XMLHttpRequest',
  'sec-ch-ua': '" Not A;Brand";v="99", "Chromium";v="96", "Google '
               'Chrome";v="96"',
  'sec-ch-ua-mobile': '?0',
  'sec-ch-ua-platform': '"Windows"'},
 ['"Username": "a"\n"Password" = "n"']]
01-04-2022 21:49:24 | DEBUG | 

=================================
01-04-2022 21:50:56 | INFO | [INIT] Server running on local_ip, hostname = ('192.168.1.155', 'Gal-PC')
01-04-2022 21:51:02 | INFO | Sent public//login.html to ('127.0.0.1', 61599)
01-04-2022 21:51:02 | INFO | Sent public//src/Scripts/login.js to ('127.0.0.1', 61599)
01-04-2022 21:51:02 | INFO | Sent public//src/Styles/main.css to ('127.0.0.1', 61600)
01-04-2022 21:51:03 | INFO | Sent public//src/Images/favicon.ico to ('127.0.0.1', 61600)
01-04-2022 21:51:05 | DEBUG | =================================

01-04-2022 21:51:05 | DEBUG | ['POST /Login%20Attempt',
 {'Accept': '*/*',
  'Accept-Encoding': 'gzip, deflate, br',
  'Accept-Language': 'en-US,en;q=0.9,he;q=0.8',
  'Connection': 'keep-alive',
  'Content-Length': '32',
  'Content-Type': 'application/x-www-form-urlencoded; charset=UTF-8',
  'Origin': 'http://localhost',
  'Referer': 'http://localhost/login.html',
  'Sec-Fetch-Dest': 'empty',
  'Sec-Fetch-Mode': 'cors',
  'Sec-Fetch-Site': 'same-origin',
  'User-Agent': 'Mozilla/5.0 (Windows NT 10.0; Win64; x64) AppleWebKit/537.36 '
                '(KHTML, like Gecko) Chrome/96.0.4664.110 Safari/537.36',
  'X-Requested-With': 'XMLHttpRequest',
  'sec-ch-ua': '" Not A;Brand";v="99", "Chromium";v="96", "Google '
               'Chrome";v="96"',
  'sec-ch-ua-mobile': '?0',
  'sec-ch-ua-platform': '"Windows"'},
 ['"Username": "t"\n"Password" = "a"']]
01-04-2022 21:51:05 | DEBUG | 

=================================
